<?xml version="1.0" encoding="UTF-8" standalone="yes"?><!DOCTYPE report PUBLIC "-//JACOCO//DTD Report 1.1//EN" "report.dtd"><report name="SocialMeli2"><sessioninfo id="AR0C02F61YEML85-d1575482" start="1669750430797" dump="1669750433810"/><sessioninfo id="AR0C02F61YEML85-2c1ada12" start="1669750465144" dump="1669750466879"/><sessioninfo id="AR0C02F61YEML85-7c9efa3f" start="1669758264577" dump="1669758266707"/><sessioninfo id="AR0C02F61YEML85-951fe7c0" start="1669758455833" dump="1669758458050"/><sessioninfo id="AR0C02F61YEML85-893ee11c" start="1669758611976" dump="1669758614136"/><sessioninfo id="AR0C02F61YEML85-33ed935e" start="1669758834660" dump="1669758838894"/><sessioninfo id="AR0C02F61YEML85-5b06568e" start="1669758970783" dump="1669758972960"/><sessioninfo id="AR0C02F61YEML85-6cd646f5" start="1669824744409" dump="1669824747553"/><sessioninfo id="AR0C02F61YEML85-2b1a6768" start="1669832929169" dump="1669832935759"/><sessioninfo id="AR0C02F61YEML85-86328ea8" start="1669833398275" dump="1669833404462"/><sessioninfo id="AR0C02F61YEML85-204767" start="1669833462629" dump="1669833469735"/><sessioninfo id="AR0C02F61YEML85-ddb71f90" start="1669835119909" dump="1669835126439"/><sessioninfo id="AR0C02F61YEML85-47a9ddce" start="1669835340339" dump="1669835341704"/><sessioninfo id="AR0C02F61YEML85-ebbda0e8" start="1669839736166" dump="1669839743056"/><sessioninfo id="AR0C02F61YEML85-fce351c" start="1669841260408" dump="1669841267148"/><sessioninfo id="AR0C02F61YEML85-343d347e" start="1669841841778" dump="1669841847678"/><package name="com/example/socialmeli2/dto/request"><class name="com/example/socialmeli2/dto/request/UserRequest" sourcefilename="UserRequest.java"><method name="&lt;init&gt;" desc="()V" line="3"><counter type="INSTRUCTION" missed="3" covered="0"/><counter type="LINE" missed="1" covered="0"/><counter type="COMPLEXITY" missed="1" covered="0"/><counter type="METHOD" missed="1" covered="0"/></method><counter type="INSTRUCTION" missed="3" covered="0"/><counter type="LINE" missed="1" covered="0"/><counter type="COMPLEXITY" missed="1" covered="0"/><counter type="METHOD" missed="1" covered="0"/><counter type="CLASS" missed="1" covered="0"/></class><class name="com/example/socialmeli2/dto/request/PublicationRequest" sourcefilename="PublicationRequest.java"/><class name="com/example/socialmeli2/dto/request/ProductRequest" sourcefilename="ProductRequest.java"/><sourcefile name="PublicationRequest.java"/><sourcefile name="UserRequest.java"><line nr="3" mi="3" ci="0" mb="0" cb="0"/><counter type="INSTRUCTION" missed="3" covered="0"/><counter type="LINE" missed="1" covered="0"/><counter type="COMPLEXITY" missed="1" covered="0"/><counter type="METHOD" missed="1" covered="0"/><counter type="CLASS" missed="1" covered="0"/></sourcefile><sourcefile name="ProductRequest.java"/><counter type="INSTRUCTION" missed="3" covered="0"/><counter type="LINE" missed="1" covered="0"/><counter type="COMPLEXITY" missed="1" covered="0"/><counter type="METHOD" missed="1" covered="0"/><counter type="CLASS" missed="1" covered="0"/></package><package name="com/example/socialmeli2/exception"><class name="com/example/socialmeli2/exception/ExceptionConfig" sourcefilename="ExceptionConfig.java"><method name="&lt;init&gt;" desc="()V" line="20"><counter type="INSTRUCTION" missed="0" covered="3"/><counter type="LINE" missed="0" covered="1"/><counter type="COMPLEXITY" missed="0" covered="1"/><counter type="METHOD" missed="0" covered="1"/></method><method name="NotFoundException" desc="(Ljava/lang/Exception;)Lorg/springframework/http/ResponseEntity;" line="24"><counter type="INSTRUCTION" missed="0" covered="14"/><counter type="LINE" missed="0" covered="2"/><counter type="COMPLEXITY" missed="0" covered="1"/><counter type="METHOD" missed="0" covered="1"/></method><method name="MethodArgumentTypeMismatchException" desc="(Ljava/lang/Exception;)Lorg/springframework/http/ResponseEntity;" line="30"><counter type="INSTRUCTION" missed="13" covered="0"/><counter type="LINE" missed="2" covered="0"/><counter type="COMPLEXITY" missed="1" covered="0"/><counter type="METHOD" missed="1" covered="0"/></method><method name="capturandoValidaciones" desc="(Lorg/springframework/web/bind/MethodArgumentNotValidException;)Lorg/springframework/http/ResponseEntity;" line="36"><counter type="INSTRUCTION" missed="40" covered="0"/><counter type="BRANCH" missed="2" covered="0"/><counter type="LINE" missed="9" covered="0"/><counter type="COMPLEXITY" missed="2" covered="0"/><counter type="METHOD" missed="1" covered="0"/></method><method name="capturandoValidaciones" desc="(Lorg/springframework/http/converter/HttpMessageNotReadableException;)Lorg/springframework/http/ResponseEntity;" line="51"><counter type="INSTRUCTION" missed="0" covered="15"/><counter type="LINE" missed="0" covered="2"/><counter type="COMPLEXITY" missed="0" covered="1"/><counter type="METHOD" missed="0" covered="1"/></method><counter type="INSTRUCTION" missed="53" covered="32"/><counter type="BRANCH" missed="2" covered="0"/><counter type="LINE" missed="11" covered="5"/><counter type="COMPLEXITY" missed="3" covered="3"/><counter type="METHOD" missed="2" covered="3"/><counter type="CLASS" missed="0" covered="1"/></class><class name="com/example/socialmeli2/exception/InvalidParameterException" sourcefilename="InvalidParameterException.java"><method name="&lt;init&gt;" desc="()V" line="5"><counter type="INSTRUCTION" missed="3" covered="0"/><counter type="LINE" missed="2" covered="0"/><counter type="COMPLEXITY" missed="1" covered="0"/><counter type="METHOD" missed="1" covered="0"/></method><method name="&lt;init&gt;" desc="(Ljava/lang/String;)V" line="9"><counter type="INSTRUCTION" missed="0" covered="4"/><counter type="LINE" missed="0" covered="2"/><counter type="COMPLEXITY" missed="0" covered="1"/><counter type="METHOD" missed="0" covered="1"/></method><counter type="INSTRUCTION" missed="3" covered="4"/><counter type="LINE" missed="2" covered="2"/><counter type="COMPLEXITY" missed="1" covered="1"/><counter type="METHOD" missed="1" covered="1"/><counter type="CLASS" missed="0" covered="1"/></class><class name="com/example/socialmeli2/exception/NotFoundException" sourcefilename="NotFoundException.java"><method name="&lt;init&gt;" desc="()V" line="5"><counter type="INSTRUCTION" missed="3" covered="0"/><counter type="LINE" missed="2" covered="0"/><counter type="COMPLEXITY" missed="1" covered="0"/><counter type="METHOD" missed="1" covered="0"/></method><method name="&lt;init&gt;" desc="(Ljava/lang/String;)V" line="9"><counter type="INSTRUCTION" missed="0" covered="4"/><counter type="LINE" missed="0" covered="2"/><counter type="COMPLEXITY" missed="0" covered="1"/><counter type="METHOD" missed="0" covered="1"/></method><counter type="INSTRUCTION" missed="3" covered="4"/><counter type="LINE" missed="2" covered="2"/><counter type="COMPLEXITY" missed="1" covered="1"/><counter type="METHOD" missed="1" covered="1"/><counter type="CLASS" missed="0" covered="1"/></class><sourcefile name="InvalidParameterException.java"><line nr="5" mi="2" ci="0" mb="0" cb="0"/><line nr="6" mi="1" ci="0" mb="0" cb="0"/><line nr="9" mi="0" ci="3" mb="0" cb="0"/><line nr="10" mi="0" ci="1" mb="0" cb="0"/><counter type="INSTRUCTION" missed="3" covered="4"/><counter type="LINE" missed="2" covered="2"/><counter type="COMPLEXITY" missed="1" covered="1"/><counter type="METHOD" missed="1" covered="1"/><counter type="CLASS" missed="0" covered="1"/></sourcefile><sourcefile name="NotFoundException.java"><line nr="5" mi="2" ci="0" mb="0" cb="0"/><line nr="6" mi="1" ci="0" mb="0" cb="0"/><line nr="9" mi="0" ci="3" mb="0" cb="0"/><line nr="10" mi="0" ci="1" mb="0" cb="0"/><counter type="INSTRUCTION" missed="3" covered="4"/><counter type="LINE" missed="2" covered="2"/><counter type="COMPLEXITY" missed="1" covered="1"/><counter type="METHOD" missed="1" covered="1"/><counter type="CLASS" missed="0" covered="1"/></sourcefile><sourcefile name="ExceptionConfig.java"><line nr="20" mi="0" ci="3" mb="0" cb="0"/><line nr="24" mi="0" ci="8" mb="0" cb="0"/><line nr="25" mi="0" ci="6" mb="0" cb="0"/><line nr="30" mi="7" ci="0" mb="0" cb="0"/><line nr="31" mi="6" ci="0" mb="0" cb="0"/><line nr="36" mi="4" ci="0" mb="0" cb="0"/><line nr="37" mi="4" ci="0" mb="0" cb="0"/><line nr="39" mi="10" ci="0" mb="2" cb="0"/><line nr="40" mi="6" ci="0" mb="0" cb="0"/><line nr="41" mi="2" ci="0" mb="0" cb="0"/><line nr="42" mi="2" ci="0" mb="0" cb="0"/><line nr="43" mi="2" ci="0" mb="0" cb="0"/><line nr="44" mi="1" ci="0" mb="0" cb="0"/><line nr="46" mi="9" ci="0" mb="0" cb="0"/><line nr="51" mi="0" ci="9" mb="0" cb="0"/><line nr="52" mi="0" ci="6" mb="0" cb="0"/><counter type="INSTRUCTION" missed="53" covered="32"/><counter type="BRANCH" missed="2" covered="0"/><counter type="LINE" missed="11" covered="5"/><counter type="COMPLEXITY" missed="3" covered="3"/><counter type="METHOD" missed="2" covered="3"/><counter type="CLASS" missed="0" covered="1"/></sourcefile><counter type="INSTRUCTION" missed="59" covered="40"/><counter type="BRANCH" missed="2" covered="0"/><counter type="LINE" missed="15" covered="9"/><counter type="COMPLEXITY" missed="5" covered="5"/><counter type="METHOD" missed="4" covered="5"/><counter type="CLASS" missed="0" covered="3"/></package><package name="com/example/socialmeli2/dto/response"><class name="com/example/socialmeli2/dto/response/ProductsUserFollowedList" sourcefilename="ProductsUserFollowedList.java"><method name="&lt;init&gt;" desc="()V" line="3"><counter type="INSTRUCTION" missed="3" covered="0"/><counter type="LINE" missed="1" covered="0"/><counter type="COMPLEXITY" missed="1" covered="0"/><counter type="METHOD" missed="1" covered="0"/></method><counter type="INSTRUCTION" missed="3" covered="0"/><counter type="LINE" missed="1" covered="0"/><counter type="COMPLEXITY" missed="1" covered="0"/><counter type="METHOD" missed="1" covered="0"/><counter type="CLASS" missed="1" covered="0"/></class><class name="com/example/socialmeli2/dto/response/UserFollowedListResponse" sourcefilename="UserFollowedListResponse.java"/><class name="com/example/socialmeli2/dto/response/PublicationResponse" sourcefilename="PublicationResponse.java"/><class name="com/example/socialmeli2/dto/response/ErrorResponse" sourcefilename="ErrorResponse.java"/><class name="com/example/socialmeli2/dto/response/UserBasicResponse" sourcefilename="UserBasicResponse.java"/><class name="com/example/socialmeli2/dto/response/UserResponse" sourcefilename="UserResponse.java"><method name="&lt;init&gt;" desc="()V" line="3"><counter type="INSTRUCTION" missed="3" covered="0"/><counter type="LINE" missed="1" covered="0"/><counter type="COMPLEXITY" missed="1" covered="0"/><counter type="METHOD" missed="1" covered="0"/></method><counter type="INSTRUCTION" missed="3" covered="0"/><counter type="LINE" missed="1" covered="0"/><counter type="COMPLEXITY" missed="1" covered="0"/><counter type="METHOD" missed="1" covered="0"/><counter type="CLASS" missed="1" covered="0"/></class><class name="com/example/socialmeli2/dto/response/ErrorValidationResponse" sourcefilename="ErrorValidationResponse.java"/><class name="com/example/socialmeli2/dto/response/ProductResponse" sourcefilename="ProductResponse.java"><method name="&lt;init&gt;" desc="()V" line="3"><counter type="INSTRUCTION" missed="3" covered="0"/><counter type="LINE" missed="1" covered="0"/><counter type="COMPLEXITY" missed="1" covered="0"/><counter type="METHOD" missed="1" covered="0"/></method><counter type="INSTRUCTION" missed="3" covered="0"/><counter type="LINE" missed="1" covered="0"/><counter type="COMPLEXITY" missed="1" covered="0"/><counter type="METHOD" missed="1" covered="0"/><counter type="CLASS" missed="1" covered="0"/></class><class name="com/example/socialmeli2/dto/response/UserFollowedPublicationResponse" sourcefilename="UserFollowedPublicationResponse.java"/><class name="com/example/socialmeli2/dto/response/ErrorValidationListResponse" sourcefilename="ErrorValidationListResponse.java"/><class name="com/example/socialmeli2/dto/response/UserFollowerCountResponse" sourcefilename="UserFollowerCountResponse.java"/><class name="com/example/socialmeli2/dto/response/UserFollowersListResponse" sourcefilename="UserFollowersListResponse.java"/><sourcefile name="UserFollowerCountResponse.java"/><sourcefile name="UserFollowedListResponse.java"/><sourcefile name="PublicationResponse.java"/><sourcefile name="ErrorValidationListResponse.java"/><sourcefile name="UserBasicResponse.java"/><sourcefile name="ProductsUserFollowedList.java"><line nr="3" mi="3" ci="0" mb="0" cb="0"/><counter type="INSTRUCTION" missed="3" covered="0"/><counter type="LINE" missed="1" covered="0"/><counter type="COMPLEXITY" missed="1" covered="0"/><counter type="METHOD" missed="1" covered="0"/><counter type="CLASS" missed="1" covered="0"/></sourcefile><sourcefile name="ProductResponse.java"><line nr="3" mi="3" ci="0" mb="0" cb="0"/><counter type="INSTRUCTION" missed="3" covered="0"/><counter type="LINE" missed="1" covered="0"/><counter type="COMPLEXITY" missed="1" covered="0"/><counter type="METHOD" missed="1" covered="0"/><counter type="CLASS" missed="1" covered="0"/></sourcefile><sourcefile name="UserFollowersListResponse.java"/><sourcefile name="ErrorValidationResponse.java"/><sourcefile name="UserResponse.java"><line nr="3" mi="3" ci="0" mb="0" cb="0"/><counter type="INSTRUCTION" missed="3" covered="0"/><counter type="LINE" missed="1" covered="0"/><counter type="COMPLEXITY" missed="1" covered="0"/><counter type="METHOD" missed="1" covered="0"/><counter type="CLASS" missed="1" covered="0"/></sourcefile><sourcefile name="ErrorResponse.java"/><sourcefile name="UserFollowedPublicationResponse.java"/><counter type="INSTRUCTION" missed="9" covered="0"/><counter type="LINE" missed="3" covered="0"/><counter type="COMPLEXITY" missed="3" covered="0"/><counter type="METHOD" missed="3" covered="0"/><counter type="CLASS" missed="3" covered="0"/></package><package name="com/example/socialmeli2/util"><class name="com/example/socialmeli2/util/ListSorterByOrder" sourcefilename="ListSorterByOrder.java"><method name="&lt;init&gt;" desc="()V" line="12"><counter type="INSTRUCTION" missed="3" covered="0"/><counter type="LINE" missed="1" covered="0"/><counter type="COMPLEXITY" missed="1" covered="0"/><counter type="METHOD" missed="1" covered="0"/></method><method name="userSortedByName" desc="(Ljava/util/List;Ljava/lang/String;)Ljava/util/List;" line="15"><counter type="INSTRUCTION" missed="0" covered="37"/><counter type="BRANCH" missed="0" covered="6"/><counter type="LINE" missed="0" covered="8"/><counter type="COMPLEXITY" missed="0" covered="4"/><counter type="METHOD" missed="0" covered="1"/></method><method name="publicationSortedByDate" desc="(Ljava/util/List;Ljava/lang/String;)Ljava/util/List;" line="31"><counter type="INSTRUCTION" missed="0" covered="51"/><counter type="BRANCH" missed="0" covered="4"/><counter type="LINE" missed="0" covered="11"/><counter type="COMPLEXITY" missed="0" covered="3"/><counter type="METHOD" missed="0" covered="1"/></method><method name="lambda$userSortedByName$1" desc="(Lcom/example/socialmeli2/dto/response/UserBasicResponse;Lcom/example/socialmeli2/dto/response/UserBasicResponse;)I" line="24"><counter type="INSTRUCTION" missed="0" covered="6"/><counter type="LINE" missed="0" covered="1"/><counter type="COMPLEXITY" missed="0" covered="1"/><counter type="METHOD" missed="0" covered="1"/></method><method name="lambda$userSortedByName$0" desc="(Lcom/example/socialmeli2/dto/response/UserBasicResponse;Lcom/example/socialmeli2/dto/response/UserBasicResponse;)I" line="21"><counter type="INSTRUCTION" missed="0" covered="6"/><counter type="LINE" missed="0" covered="1"/><counter type="COMPLEXITY" missed="0" covered="1"/><counter type="METHOD" missed="0" covered="1"/></method><counter type="INSTRUCTION" missed="3" covered="100"/><counter type="BRANCH" missed="0" covered="10"/><counter type="LINE" missed="1" covered="19"/><counter type="COMPLEXITY" missed="1" covered="9"/><counter type="METHOD" missed="1" covered="4"/><counter type="CLASS" missed="0" covered="1"/></class><class name="com/example/socialmeli2/util/PublicationMapper" sourcefilename="PublicationMapper.java"><method name="&lt;init&gt;" desc="()V" line="6"><counter type="INSTRUCTION" missed="3" covered="0"/><counter type="LINE" missed="1" covered="0"/><counter type="COMPLEXITY" missed="1" covered="0"/><counter type="METHOD" missed="1" covered="0"/></method><method name="publicationRequest2PublicationEntity" desc="(Lcom/example/socialmeli2/dto/request/PublicationRequest;)Lcom/example/socialmeli2/entity/PublicationEntity;" line="10"><counter type="INSTRUCTION" missed="0" covered="27"/><counter type="LINE" missed="0" covered="7"/><counter type="COMPLEXITY" missed="0" covered="1"/><counter type="METHOD" missed="0" covered="1"/></method><counter type="INSTRUCTION" missed="3" covered="27"/><counter type="LINE" missed="1" covered="7"/><counter type="COMPLEXITY" missed="1" covered="1"/><counter type="METHOD" missed="1" covered="1"/><counter type="CLASS" missed="0" covered="1"/></class><class name="com/example/socialmeli2/util/UserMapper" sourcefilename="UserMapper.java"><method name="&lt;init&gt;" desc="()V" line="12"><counter type="INSTRUCTION" missed="3" covered="0"/><counter type="LINE" missed="1" covered="0"/><counter type="COMPLEXITY" missed="1" covered="0"/><counter type="METHOD" missed="1" covered="0"/></method><method name="userEntity2UserBasicResponse" desc="(Lcom/example/socialmeli2/entity/UserEntity;)Lcom/example/socialmeli2/dto/response/UserBasicResponse;" line="16"><counter type="INSTRUCTION" missed="0" covered="14"/><counter type="LINE" missed="0" covered="4"/><counter type="COMPLEXITY" missed="0" covered="1"/><counter type="METHOD" missed="0" covered="1"/></method><method name="userEntityList2UserBasicResponseList" desc="(Ljava/util/List;)Ljava/util/List;" line="25"><counter type="INSTRUCTION" missed="22" covered="0"/><counter type="BRANCH" missed="2" covered="0"/><counter type="LINE" missed="5" covered="0"/><counter type="COMPLEXITY" missed="2" covered="0"/><counter type="METHOD" missed="1" covered="0"/></method><method name="userEntity2UserFollowerCountResponse" desc="(Lcom/example/socialmeli2/entity/UserEntity;)Lcom/example/socialmeli2/dto/response/UserFollowerCountResponse;" line="35"><counter type="INSTRUCTION" missed="0" covered="20"/><counter type="LINE" missed="0" covered="5"/><counter type="COMPLEXITY" missed="0" covered="1"/><counter type="METHOD" missed="0" covered="1"/></method><method name="userEntity2UserFollowersListResponse" desc="(Lcom/example/socialmeli2/entity/UserEntity;Ljava/util/List;)Lcom/example/socialmeli2/dto/response/UserFollowersListResponse;" line="45"><counter type="INSTRUCTION" missed="0" covered="17"/><counter type="LINE" missed="0" covered="5"/><counter type="COMPLEXITY" missed="0" covered="1"/><counter type="METHOD" missed="0" covered="1"/></method><method name="userEntity2UserFollowedListResponse" desc="(Lcom/example/socialmeli2/entity/UserEntity;Ljava/util/List;)Lcom/example/socialmeli2/dto/response/UserFollowedListResponse;" line="55"><counter type="INSTRUCTION" missed="17" covered="0"/><counter type="LINE" missed="5" covered="0"/><counter type="COMPLEXITY" missed="1" covered="0"/><counter type="METHOD" missed="1" covered="0"/></method><counter type="INSTRUCTION" missed="42" covered="51"/><counter type="BRANCH" missed="2" covered="0"/><counter type="LINE" missed="11" covered="14"/><counter type="COMPLEXITY" missed="4" covered="3"/><counter type="METHOD" missed="3" covered="3"/><counter type="CLASS" missed="0" covered="1"/></class><sourcefile name="UserMapper.java"><line nr="12" mi="3" ci="0" mb="0" cb="0"/><line nr="16" mi="0" ci="4" mb="0" cb="0"/><line nr="17" mi="0" ci="4" mb="0" cb="0"/><line nr="18" mi="0" ci="4" mb="0" cb="0"/><line nr="20" mi="0" ci="2" mb="0" cb="0"/><line nr="25" mi="4" ci="0" mb="0" cb="0"/><line nr="26" mi="10" ci="0" mb="2" cb="0"/><line nr="27" mi="5" ci="0" mb="0" cb="0"/><line nr="28" mi="1" ci="0" mb="0" cb="0"/><line nr="30" mi="2" ci="0" mb="0" cb="0"/><line nr="35" mi="0" ci="4" mb="0" cb="0"/><line nr="36" mi="0" ci="4" mb="0" cb="0"/><line nr="37" mi="0" ci="4" mb="0" cb="0"/><line nr="38" mi="0" ci="6" mb="0" cb="0"/><line nr="40" mi="0" ci="2" mb="0" cb="0"/><line nr="45" mi="0" ci="4" mb="0" cb="0"/><line nr="46" mi="0" ci="4" mb="0" cb="0"/><line nr="47" mi="0" ci="4" mb="0" cb="0"/><line nr="48" mi="0" ci="3" mb="0" cb="0"/><line nr="50" mi="0" ci="2" mb="0" cb="0"/><line nr="55" mi="4" ci="0" mb="0" cb="0"/><line nr="56" mi="4" ci="0" mb="0" cb="0"/><line nr="57" mi="4" ci="0" mb="0" cb="0"/><line nr="58" mi="3" ci="0" mb="0" cb="0"/><line nr="60" mi="2" ci="0" mb="0" cb="0"/><counter type="INSTRUCTION" missed="42" covered="51"/><counter type="BRANCH" missed="2" covered="0"/><counter type="LINE" missed="11" covered="14"/><counter type="COMPLEXITY" missed="4" covered="3"/><counter type="METHOD" missed="3" covered="3"/><counter type="CLASS" missed="0" covered="1"/></sourcefile><sourcefile name="PublicationMapper.java"><line nr="6" mi="3" ci="0" mb="0" cb="0"/><line nr="10" mi="0" ci="4" mb="0" cb="0"/><line nr="11" mi="0" ci="4" mb="0" cb="0"/><line nr="12" mi="0" ci="4" mb="0" cb="0"/><line nr="13" mi="0" ci="5" mb="0" cb="0"/><line nr="14" mi="0" ci="4" mb="0" cb="0"/><line nr="15" mi="0" ci="4" mb="0" cb="0"/><line nr="17" mi="0" ci="2" mb="0" cb="0"/><counter type="INSTRUCTION" missed="3" covered="27"/><counter type="LINE" missed="1" covered="7"/><counter type="COMPLEXITY" missed="1" covered="1"/><counter type="METHOD" missed="1" covered="1"/><counter type="CLASS" missed="0" covered="1"/></sourcefile><sourcefile name="ListSorterByOrder.java"><line nr="12" mi="3" ci="0" mb="0" cb="0"/><line nr="15" mi="0" ci="12" mb="0" cb="0"/><line nr="17" mi="0" ci="4" mb="0" cb="2"/><line nr="18" mi="0" ci="5" mb="0" cb="0"/><line nr="20" mi="0" ci="4" mb="0" cb="2"/><line nr="21" mi="0" ci="9" mb="0" cb="0"/><line nr="23" mi="0" ci="4" mb="0" cb="2"/><line nr="24" mi="0" ci="9" mb="0" cb="0"/><line nr="27" mi="0" ci="2" mb="0" cb="0"/><line nr="31" mi="0" ci="16" mb="0" cb="0"/><line nr="34" mi="0" ci="4" mb="0" cb="2"/><line nr="35" mi="0" ci="5" mb="0" cb="0"/><line nr="38" mi="0" ci="4" mb="0" cb="2"/><line nr="39" mi="0" ci="3" mb="0" cb="0"/><line nr="40" mi="0" ci="3" mb="0" cb="0"/><line nr="41" mi="0" ci="5" mb="0" cb="0"/><line nr="43" mi="0" ci="3" mb="0" cb="0"/><line nr="44" mi="0" ci="2" mb="0" cb="0"/><line nr="45" mi="0" ci="4" mb="0" cb="0"/><line nr="48" mi="0" ci="2" mb="0" cb="0"/><counter type="INSTRUCTION" missed="3" covered="100"/><counter type="BRANCH" missed="0" covered="10"/><counter type="LINE" missed="1" covered="19"/><counter type="COMPLEXITY" missed="1" covered="9"/><counter type="METHOD" missed="1" covered="4"/><counter type="CLASS" missed="0" covered="1"/></sourcefile><counter type="INSTRUCTION" missed="48" covered="178"/><counter type="BRANCH" missed="2" covered="10"/><counter type="LINE" missed="13" covered="40"/><counter type="COMPLEXITY" missed="6" covered="13"/><counter type="METHOD" missed="5" covered="8"/><counter type="CLASS" missed="0" covered="3"/></package><package name="com/example/socialmeli2/controller"><class name="com/example/socialmeli2/controller/PublicationController" sourcefilename="PublicationController.java"><method name="createPublication" desc="(Lcom/example/socialmeli2/dto/request/PublicationRequest;)Lorg/springframework/http/ResponseEntity;" line="30"><counter type="INSTRUCTION" missed="0" covered="9"/><counter type="LINE" missed="0" covered="2"/><counter type="COMPLEXITY" missed="0" covered="1"/><counter type="METHOD" missed="0" covered="1"/></method><method name="getUserFollowedPublicationsById" desc="(Ljava/lang/Integer;Ljava/lang/String;)Lorg/springframework/http/ResponseEntity;" line="47"><counter type="INSTRUCTION" missed="12" covered="0"/><counter type="LINE" missed="2" covered="0"/><counter type="COMPLEXITY" missed="1" covered="0"/><counter type="METHOD" missed="1" covered="0"/></method><counter type="INSTRUCTION" missed="12" covered="9"/><counter type="LINE" missed="2" covered="2"/><counter type="COMPLEXITY" missed="1" covered="1"/><counter type="METHOD" missed="1" covered="1"/><counter type="CLASS" missed="0" covered="1"/></class><class name="com/example/socialmeli2/controller/UserController" sourcefilename="UserController.java"><method name="followUserSeller" desc="(Ljava/lang/Integer;Ljava/lang/Integer;)Lorg/springframework/http/ResponseEntity;" line="33"><counter type="INSTRUCTION" missed="0" covered="11"/><counter type="LINE" missed="0" covered="2"/><counter type="COMPLEXITY" missed="0" covered="1"/><counter type="METHOD" missed="0" covered="1"/></method><method name="unfollowUserSeller" desc="(Ljava/lang/Integer;Ljava/lang/Integer;)Lorg/springframework/http/ResponseEntity;" line="46"><counter type="INSTRUCTION" missed="5" covered="11"/><counter type="BRANCH" missed="1" covered="1"/><counter type="LINE" missed="1" covered="2"/><counter type="COMPLEXITY" missed="1" covered="1"/><counter type="METHOD" missed="0" covered="1"/></method><method name="getUsersFollowed" desc="(Ljava/lang/Integer;Ljava/lang/String;)Lorg/springframework/http/ResponseEntity;" line="59"><counter type="INSTRUCTION" missed="10" covered="0"/><counter type="LINE" missed="1" covered="0"/><counter type="COMPLEXITY" missed="1" covered="0"/><counter type="METHOD" missed="1" covered="0"/></method><method name="getUsersFollowers" desc="(Ljava/lang/Integer;Ljava/lang/String;)Lorg/springframework/http/ResponseEntity;" line="69"><counter type="INSTRUCTION" missed="10" covered="0"/><counter type="LINE" missed="1" covered="0"/><counter type="COMPLEXITY" missed="1" covered="0"/><counter type="METHOD" missed="1" covered="0"/></method><method name="getUserFollowersCount" desc="(Ljava/lang/Integer;)Lorg/springframework/http/ResponseEntity;" line="79"><counter type="INSTRUCTION" missed="0" covered="9"/><counter type="LINE" missed="0" covered="1"/><counter type="COMPLEXITY" missed="0" covered="1"/><counter type="METHOD" missed="0" covered="1"/></method><counter type="INSTRUCTION" missed="25" covered="31"/><counter type="BRANCH" missed="1" covered="1"/><counter type="LINE" missed="3" covered="5"/><counter type="COMPLEXITY" missed="3" covered="3"/><counter type="METHOD" missed="2" covered="3"/><counter type="CLASS" missed="0" covered="1"/></class><class name="com/example/socialmeli2/controller/ProductController" sourcefilename="ProductController.java"><method name="&lt;init&gt;" desc="()V" line="3"><counter type="INSTRUCTION" missed="3" covered="0"/><counter type="LINE" missed="1" covered="0"/><counter type="COMPLEXITY" missed="1" covered="0"/><counter type="METHOD" missed="1" covered="0"/></method><counter type="INSTRUCTION" missed="3" covered="0"/><counter type="LINE" missed="1" covered="0"/><counter type="COMPLEXITY" missed="1" covered="0"/><counter type="METHOD" missed="1" covered="0"/><counter type="CLASS" missed="1" covered="0"/></class><sourcefile name="UserController.java"><line nr="33" mi="0" ci="6" mb="0" cb="0"/><line nr="34" mi="0" ci="5" mb="0" cb="0"/><line nr="46" mi="0" ci="6" mb="1" cb="1"/><line nr="47" mi="0" ci="5" mb="0" cb="0"/><line nr="49" mi="5" ci="0" mb="0" cb="0"/><line nr="59" mi="10" ci="0" mb="0" cb="0"/><line nr="69" mi="10" ci="0" mb="0" cb="0"/><line nr="79" mi="0" ci="9" mb="0" cb="0"/><counter type="INSTRUCTION" missed="25" covered="31"/><counter type="BRANCH" missed="1" covered="1"/><counter type="LINE" missed="3" covered="5"/><counter type="COMPLEXITY" missed="3" covered="3"/><counter type="METHOD" missed="2" covered="3"/><counter type="CLASS" missed="0" covered="1"/></sourcefile><sourcefile name="ProductController.java"><line nr="3" mi="3" ci="0" mb="0" cb="0"/><counter type="INSTRUCTION" missed="3" covered="0"/><counter type="LINE" missed="1" covered="0"/><counter type="COMPLEXITY" missed="1" covered="0"/><counter type="METHOD" missed="1" covered="0"/><counter type="CLASS" missed="1" covered="0"/></sourcefile><sourcefile name="PublicationController.java"><line nr="30" mi="0" ci="4" mb="0" cb="0"/><line nr="31" mi="0" ci="5" mb="0" cb="0"/><line nr="47" mi="6" ci="0" mb="0" cb="0"/><line nr="48" mi="6" ci="0" mb="0" cb="0"/><counter type="INSTRUCTION" missed="12" covered="9"/><counter type="LINE" missed="2" covered="2"/><counter type="COMPLEXITY" missed="1" covered="1"/><counter type="METHOD" missed="1" covered="1"/><counter type="CLASS" missed="0" covered="1"/></sourcefile><counter type="INSTRUCTION" missed="40" covered="40"/><counter type="BRANCH" missed="1" covered="1"/><counter type="LINE" missed="6" covered="7"/><counter type="COMPLEXITY" missed="5" covered="4"/><counter type="METHOD" missed="4" covered="4"/><counter type="CLASS" missed="1" covered="2"/></package><package name="com/example/socialmeli2/entity"><class name="com/example/socialmeli2/entity/UserEntity" sourcefilename="UserEntity.java"><method name="addFollowersToList" desc="(Ljava/lang/Integer;)V" line="22"><counter type="INSTRUCTION" missed="0" covered="6"/><counter type="LINE" missed="0" covered="2"/><counter type="COMPLEXITY" missed="0" covered="1"/><counter type="METHOD" missed="0" covered="1"/></method><method name="removeFollowersToList" desc="(Ljava/lang/Integer;)V" line="26"><counter type="INSTRUCTION" missed="0" covered="6"/><counter type="LINE" missed="0" covered="2"/><counter type="COMPLEXITY" missed="0" covered="1"/><counter type="METHOD" missed="0" covered="1"/></method><method name="addFollowedList" desc="(Ljava/lang/Integer;)V" line="30"><counter type="INSTRUCTION" missed="0" covered="6"/><counter type="LINE" missed="0" covered="2"/><counter type="COMPLEXITY" missed="0" covered="1"/><counter type="METHOD" missed="0" covered="1"/></method><method name="removeFollowedToList" desc="(Ljava/lang/Integer;)V" line="34"><counter type="INSTRUCTION" missed="0" covered="6"/><counter type="LINE" missed="0" covered="2"/><counter type="COMPLEXITY" missed="0" covered="1"/><counter type="METHOD" missed="0" covered="1"/></method><method name="ifFollowerExist" desc="(Ljava/lang/Integer;)Z" line="38"><counter type="INSTRUCTION" missed="0" covered="5"/><counter type="LINE" missed="0" covered="1"/><counter type="COMPLEXITY" missed="0" covered="1"/><counter type="METHOD" missed="0" covered="1"/></method><counter type="INSTRUCTION" missed="0" covered="29"/><counter type="LINE" missed="0" covered="9"/><counter type="COMPLEXITY" missed="0" covered="5"/><counter type="METHOD" missed="0" covered="5"/><counter type="CLASS" missed="0" covered="1"/></class><class name="com/example/socialmeli2/entity/ProductEntity" sourcefilename="ProductEntity.java"/><class name="com/example/socialmeli2/entity/PublicationEntity" sourcefilename="PublicationEntity.java"/><sourcefile name="UserEntity.java"><line nr="22" mi="0" ci="5" mb="0" cb="0"/><line nr="23" mi="0" ci="1" mb="0" cb="0"/><line nr="26" mi="0" ci="5" mb="0" cb="0"/><line nr="27" mi="0" ci="1" mb="0" cb="0"/><line nr="30" mi="0" ci="5" mb="0" cb="0"/><line nr="31" mi="0" ci="1" mb="0" cb="0"/><line nr="34" mi="0" ci="5" mb="0" cb="0"/><line nr="35" mi="0" ci="1" mb="0" cb="0"/><line nr="38" mi="0" ci="5" mb="0" cb="0"/><counter type="INSTRUCTION" missed="0" covered="29"/><counter type="LINE" missed="0" covered="9"/><counter type="COMPLEXITY" missed="0" covered="5"/><counter type="METHOD" missed="0" covered="5"/><counter type="CLASS" missed="0" covered="1"/></sourcefile><sourcefile name="ProductEntity.java"/><sourcefile name="PublicationEntity.java"/><counter type="INSTRUCTION" missed="0" covered="29"/><counter type="LINE" missed="0" covered="9"/><counter type="COMPLEXITY" missed="0" covered="5"/><counter type="METHOD" missed="0" covered="5"/><counter type="CLASS" missed="0" covered="1"/></package><package name="com/example/socialmeli2"><class name="com/example/socialmeli2/SocialMeli2Application" sourcefilename="SocialMeli2Application.java"><method name="&lt;init&gt;" desc="()V" line="7"><counter type="INSTRUCTION" missed="0" covered="3"/><counter type="LINE" missed="0" covered="1"/><counter type="COMPLEXITY" missed="0" covered="1"/><counter type="METHOD" missed="0" covered="1"/></method><method name="main" desc="([Ljava/lang/String;)V" line="10"><counter type="INSTRUCTION" missed="5" covered="0"/><counter type="LINE" missed="2" covered="0"/><counter type="COMPLEXITY" missed="1" covered="0"/><counter type="METHOD" missed="1" covered="0"/></method><counter type="INSTRUCTION" missed="5" covered="3"/><counter type="LINE" missed="2" covered="1"/><counter type="COMPLEXITY" missed="1" covered="1"/><counter type="METHOD" missed="1" covered="1"/><counter type="CLASS" missed="0" covered="1"/></class><sourcefile name="SocialMeli2Application.java"><line nr="7" mi="0" ci="3" mb="0" cb="0"/><line nr="10" mi="4" ci="0" mb="0" cb="0"/><line nr="11" mi="1" ci="0" mb="0" cb="0"/><counter type="INSTRUCTION" missed="5" covered="3"/><counter type="LINE" missed="2" covered="1"/><counter type="COMPLEXITY" missed="1" covered="1"/><counter type="METHOD" missed="1" covered="1"/><counter type="CLASS" missed="0" covered="1"/></sourcefile><counter type="INSTRUCTION" missed="5" covered="3"/><counter type="LINE" missed="2" covered="1"/><counter type="COMPLEXITY" missed="1" covered="1"/><counter type="METHOD" missed="1" covered="1"/><counter type="CLASS" missed="0" covered="1"/></package><package name="com/example/socialmeli2/service"><class name="com/example/socialmeli2/service/UserServiceImpl" sourcefilename="UserServiceImpl.java"><method name="followUserSeller" desc="(Ljava/lang/Integer;Ljava/lang/Integer;)Z" line="36"><counter type="INSTRUCTION" missed="0" covered="48"/><counter type="BRANCH" missed="0" covered="6"/><counter type="LINE" missed="0" covered="10"/><counter type="COMPLEXITY" missed="0" covered="4"/><counter type="METHOD" missed="0" covered="1"/></method><method name="unfollowUserSeller" desc="(Ljava/lang/Integer;Ljava/lang/Integer;)Z" line="63"><counter type="INSTRUCTION" missed="0" covered="42"/><counter type="BRANCH" missed="0" covered="6"/><counter type="LINE" missed="0" covered="9"/><counter type="COMPLEXITY" missed="0" covered="4"/><counter type="METHOD" missed="0" covered="1"/></method><method name="getUserFollowersCount" desc="(Ljava/lang/Integer;)Lcom/example/socialmeli2/dto/response/UserFollowerCountResponse;" line="85"><counter type="INSTRUCTION" missed="0" covered="8"/><counter type="LINE" missed="0" covered="2"/><counter type="COMPLEXITY" missed="0" covered="1"/><counter type="METHOD" missed="0" covered="1"/></method><method name="getFollowersUsersById" desc="(Ljava/lang/Integer;Ljava/lang/String;)Lcom/example/socialmeli2/dto/response/UserFollowersListResponse;" line="100"><counter type="INSTRUCTION" missed="0" covered="42"/><counter type="BRANCH" missed="1" covered="3"/><counter type="LINE" missed="0" covered="9"/><counter type="COMPLEXITY" missed="1" covered="2"/><counter type="METHOD" missed="0" covered="1"/></method><method name="getFollowedUsersById" desc="(Ljava/lang/Integer;Ljava/lang/String;)Lcom/example/socialmeli2/dto/response/UserFollowedListResponse;" line="127"><counter type="INSTRUCTION" missed="40" covered="0"/><counter type="BRANCH" missed="4" covered="0"/><counter type="LINE" missed="8" covered="0"/><counter type="COMPLEXITY" missed="3" covered="0"/><counter type="METHOD" missed="1" covered="0"/></method><counter type="INSTRUCTION" missed="40" covered="140"/><counter type="BRANCH" missed="5" covered="15"/><counter type="LINE" missed="8" covered="30"/><counter type="COMPLEXITY" missed="4" covered="11"/><counter type="METHOD" missed="1" covered="4"/><counter type="CLASS" missed="0" covered="1"/></class><class name="com/example/socialmeli2/service/ProductServiceImpl" sourcefilename="ProductServiceImpl.java"><method name="&lt;init&gt;" desc="()V" line="3"><counter type="INSTRUCTION" missed="3" covered="0"/><counter type="LINE" missed="1" covered="0"/><counter type="COMPLEXITY" missed="1" covered="0"/><counter type="METHOD" missed="1" covered="0"/></method><counter type="INSTRUCTION" missed="3" covered="0"/><counter type="LINE" missed="1" covered="0"/><counter type="COMPLEXITY" missed="1" covered="0"/><counter type="METHOD" missed="1" covered="0"/><counter type="CLASS" missed="1" covered="0"/></class><class name="com/example/socialmeli2/service/PublicationServiceImpl" sourcefilename="PublicationServiceImpl.java"><method name="registerPublication" desc="(Lcom/example/socialmeli2/dto/request/PublicationRequest;)V" line="42"><counter type="INSTRUCTION" missed="0" covered="28"/><counter type="LINE" missed="0" covered="6"/><counter type="COMPLEXITY" missed="0" covered="1"/><counter type="METHOD" missed="0" covered="1"/></method><method name="getUserFollowedPublicationsById" desc="(Ljava/lang/Integer;Ljava/lang/String;)Lcom/example/socialmeli2/dto/response/UserFollowedPublicationResponse;" line="59"><counter type="INSTRUCTION" missed="0" covered="79"/><counter type="BRANCH" missed="0" covered="4"/><counter type="LINE" missed="0" covered="16"/><counter type="COMPLEXITY" missed="0" covered="3"/><counter type="METHOD" missed="0" covered="1"/></method><method name="lambda$getUserFollowedPublicationsById$1" desc="(ILcom/example/socialmeli2/entity/UserEntity;)Ljava/util/List;" line="68"><counter type="INSTRUCTION" missed="0" covered="17"/><counter type="LINE" missed="0" covered="4"/><counter type="COMPLEXITY" missed="0" covered="1"/><counter type="METHOD" missed="0" covered="1"/></method><method name="lambda$getUserFollowedPublicationsById$0" desc="(ILcom/example/socialmeli2/entity/PublicationEntity;)Z" line="71"><counter type="INSTRUCTION" missed="0" covered="13"/><counter type="BRANCH" missed="0" covered="2"/><counter type="LINE" missed="0" covered="1"/><counter type="COMPLEXITY" missed="0" covered="2"/><counter type="METHOD" missed="0" covered="1"/></method><counter type="INSTRUCTION" missed="0" covered="137"/><counter type="BRANCH" missed="0" covered="6"/><counter type="LINE" missed="0" covered="26"/><counter type="COMPLEXITY" missed="0" covered="7"/><counter type="METHOD" missed="0" covered="4"/><counter type="CLASS" missed="0" covered="1"/></class><class name="com/example/socialmeli2/service/IProductService" sourcefilename="IProductService.java"/><class name="com/example/socialmeli2/service/IUserService" sourcefilename="IUserService.java"/><class name="com/example/socialmeli2/service/IPublicationService" sourcefilename="IPublicationService.java"/><sourcefile name="ProductServiceImpl.java"><line nr="3" mi="3" ci="0" mb="0" cb="0"/><counter type="INSTRUCTION" missed="3" covered="0"/><counter type="LINE" missed="1" covered="0"/><counter type="COMPLEXITY" missed="1" covered="0"/><counter type="METHOD" missed="1" covered="0"/><counter type="CLASS" missed="1" covered="0"/></sourcefile><sourcefile name="IPublicationService.java"/><sourcefile name="IUserService.java"/><sourcefile name="IProductService.java"/><sourcefile name="PublicationServiceImpl.java"><line nr="42" mi="0" ci="6" mb="0" cb="0"/><line nr="43" mi="0" ci="7" mb="0" cb="0"/><line nr="44" mi="0" ci="3" mb="0" cb="0"/><line nr="45" mi="0" ci="5" mb="0" cb="0"/><line nr="46" mi="0" ci="6" mb="0" cb="0"/><line nr="47" mi="0" ci="1" mb="0" cb="0"/><line nr="59" mi="0" ci="2" mb="0" cb="0"/><line nr="60" mi="0" ci="7" mb="0" cb="0"/><line nr="62" mi="0" ci="5" mb="0" cb="0"/><line nr="63" mi="0" ci="3" mb="0" cb="0"/><line nr="66" mi="0" ci="5" mb="0" cb="0"/><line nr="67" mi="0" ci="7" mb="0" cb="0"/><line nr="68" mi="0" ci="6" mb="0" cb="0"/><line nr="69" mi="0" ci="6" mb="0" cb="0"/><line nr="70" mi="0" ci="1" mb="0" cb="0"/><line nr="71" mi="0" ci="13" mb="0" cb="2"/><line nr="72" mi="0" ci="5" mb="0" cb="0"/><line nr="73" mi="0" ci="4" mb="0" cb="0"/><line nr="76" mi="0" ci="4" mb="0" cb="0"/><line nr="77" mi="0" ci="10" mb="0" cb="2"/><line nr="78" mi="0" ci="10" mb="0" cb="2"/><line nr="79" mi="0" ci="9" mb="0" cb="0"/><line nr="80" mi="0" ci="1" mb="0" cb="0"/><line nr="81" mi="0" ci="1" mb="0" cb="0"/><line nr="84" mi="0" ci="4" mb="0" cb="0"/><line nr="86" mi="0" ci="6" mb="0" cb="0"/><counter type="INSTRUCTION" missed="0" covered="137"/><counter type="BRANCH" missed="0" covered="6"/><counter type="LINE" missed="0" covered="26"/><counter type="COMPLEXITY" missed="0" covered="7"/><counter type="METHOD" missed="0" covered="4"/><counter type="CLASS" missed="0" covered="1"/></sourcefile><sourcefile name="UserServiceImpl.java"><line nr="36" mi="0" ci="2" mb="0" cb="0"/><line nr="38" mi="0" ci="6" mb="0" cb="2"/><line nr="39" mi="0" ci="6" mb="0" cb="0"/><line nr="42" mi="0" ci="6" mb="0" cb="2"/><line nr="43" mi="0" ci="6" mb="0" cb="0"/><line nr="45" mi="0" ci="6" mb="0" cb="2"/><line nr="46" mi="0" ci="5" mb="0" cb="0"/><line nr="47" mi="0" ci="3" mb="0" cb="0"/><line nr="49" mi="0" ci="6" mb="0" cb="0"/><line nr="52" mi="0" ci="2" mb="0" cb="0"/><line nr="63" mi="0" ci="2" mb="0" cb="0"/><line nr="64" mi="0" ci="6" mb="0" cb="2"/><line nr="65" mi="0" ci="6" mb="0" cb="0"/><line nr="67" mi="0" ci="6" mb="0" cb="2"/><line nr="68" mi="0" ci="6" mb="0" cb="0"/><line nr="70" mi="0" ci="7" mb="0" cb="2"/><line nr="71" mi="0" ci="5" mb="0" cb="0"/><line nr="72" mi="0" ci="2" mb="0" cb="0"/><line nr="74" mi="0" ci="2" mb="0" cb="0"/><line nr="85" mi="0" ci="5" mb="0" cb="0"/><line nr="86" mi="0" ci="3" mb="0" cb="0"/><line nr="100" mi="0" ci="5" mb="0" cb="0"/><line nr="101" mi="0" ci="4" mb="0" cb="0"/><line nr="104" mi="0" ci="11" mb="0" cb="2"/><line nr="105" mi="0" ci="5" mb="0" cb="0"/><line nr="106" mi="0" ci="5" mb="0" cb="0"/><line nr="107" mi="0" ci="1" mb="0" cb="0"/><line nr="109" mi="0" ci="3" mb="1" cb="1"/><line nr="110" mi="0" ci="4" mb="0" cb="0"/><line nr="113" mi="0" ci="4" mb="0" cb="0"/><line nr="127" mi="5" ci="0" mb="0" cb="0"/><line nr="128" mi="4" ci="0" mb="0" cb="0"/><line nr="130" mi="11" ci="0" mb="2" cb="0"/><line nr="131" mi="8" ci="0" mb="0" cb="0"/><line nr="132" mi="1" ci="0" mb="0" cb="0"/><line nr="135" mi="3" ci="0" mb="2" cb="0"/><line nr="136" mi="4" ci="0" mb="0" cb="0"/><line nr="139" mi="4" ci="0" mb="0" cb="0"/><counter type="INSTRUCTION" missed="40" covered="140"/><counter type="BRANCH" missed="5" covered="15"/><counter type="LINE" missed="8" covered="30"/><counter type="COMPLEXITY" missed="4" covered="11"/><counter type="METHOD" missed="1" covered="4"/><counter type="CLASS" missed="0" covered="1"/></sourcefile><counter type="INSTRUCTION" missed="43" covered="277"/><counter type="BRANCH" missed="5" covered="21"/><counter type="LINE" missed="9" covered="56"/><counter type="COMPLEXITY" missed="5" covered="18"/><counter type="METHOD" missed="2" covered="8"/><counter type="CLASS" missed="1" covered="2"/></package><package name="com/example/socialmeli2/repository"><class name="com/example/socialmeli2/repository/IUserRepository" sourcefilename="IUserRepository.java"/><class name="com/example/socialmeli2/repository/UserRepositoryImpl" sourcefilename="UserRepositoryImpl.java"><method name="&lt;init&gt;" desc="(Ljava/util/Map;)V" line="15"><counter type="INSTRUCTION" missed="0" covered="11"/><counter type="LINE" missed="0" covered="4"/><counter type="COMPLEXITY" missed="0" covered="1"/><counter type="METHOD" missed="0" covered="1"/></method><method name="&lt;init&gt;" desc="()V" line="15"><counter type="INSTRUCTION" missed="0" covered="176"/><counter type="LINE" missed="0" covered="9"/><counter type="COMPLEXITY" missed="0" covered="1"/><counter type="METHOD" missed="0" covered="1"/></method><method name="getEntityById" desc="(Ljava/lang/Integer;)Lcom/example/socialmeli2/entity/UserEntity;" line="35"><counter type="INSTRUCTION" missed="0" covered="17"/><counter type="BRANCH" missed="0" covered="2"/><counter type="LINE" missed="0" covered="3"/><counter type="COMPLEXITY" missed="0" covered="2"/><counter type="METHOD" missed="0" covered="1"/></method><method name="getAllEntity" desc="()Ljava/util/Map;" line="44"><counter type="INSTRUCTION" missed="3" covered="0"/><counter type="LINE" missed="1" covered="0"/><counter type="COMPLEXITY" missed="1" covered="0"/><counter type="METHOD" missed="1" covered="0"/></method><method name="followSeller" desc="(Ljava/lang/Integer;Ljava/lang/Integer;)V" line="51"><counter type="INSTRUCTION" missed="0" covered="36"/><counter type="BRANCH" missed="2" covered="2"/><counter type="LINE" missed="0" covered="6"/><counter type="COMPLEXITY" missed="2" covered="1"/><counter type="METHOD" missed="0" covered="1"/></method><method name="unfollowSeller" desc="(Ljava/lang/Integer;Ljava/lang/Integer;)V" line="62"><counter type="INSTRUCTION" missed="0" covered="15"/><counter type="LINE" missed="0" covered="3"/><counter type="COMPLEXITY" missed="0" covered="1"/><counter type="METHOD" missed="0" covered="1"/></method><method name="exist" desc="(Ljava/lang/Integer;)Ljava/lang/Boolean;" line="68"><counter type="INSTRUCTION" missed="0" covered="10"/><counter type="BRANCH" missed="0" covered="2"/><counter type="LINE" missed="0" covered="1"/><counter type="COMPLEXITY" missed="0" covered="2"/><counter type="METHOD" missed="0" covered="1"/></method><method name="isSeller" desc="(Ljava/lang/Integer;)Ljava/lang/Boolean;" line="73"><counter type="INSTRUCTION" missed="1" covered="12"/><counter type="BRANCH" missed="1" covered="1"/><counter type="LINE" missed="0" covered="1"/><counter type="COMPLEXITY" missed="1" covered="1"/><counter type="METHOD" missed="0" covered="1"/></method><counter type="INSTRUCTION" missed="4" covered="277"/><counter type="BRANCH" missed="3" covered="7"/><counter type="LINE" missed="1" covered="26"/><counter type="COMPLEXITY" missed="4" covered="9"/><counter type="METHOD" missed="1" covered="7"/><counter type="CLASS" missed="0" covered="1"/></class><class name="com/example/socialmeli2/repository/IPublicationRepository" sourcefilename="IPublicationRepository.java"/><class name="com/example/socialmeli2/repository/IProductRepository" sourcefilename="IProductRepository.java"/><class name="com/example/socialmeli2/repository/ProductRepositoryImpl" sourcefilename="ProductRepositoryImpl.java"><method name="&lt;init&gt;" desc="()V" line="13"><counter type="INSTRUCTION" missed="0" covered="88"/><counter type="LINE" missed="0" covered="8"/><counter type="COMPLEXITY" missed="0" covered="1"/><counter type="METHOD" missed="0" covered="1"/></method><method name="getEntityById" desc="(Ljava/lang/Integer;)Lcom/example/socialmeli2/entity/ProductEntity;" line="27"><counter type="INSTRUCTION" missed="6" covered="11"/><counter type="BRANCH" missed="1" covered="1"/><counter type="LINE" missed="1" covered="2"/><counter type="COMPLEXITY" missed="1" covered="1"/><counter type="METHOD" missed="0" covered="1"/></method><method name="getAllEntity" desc="()Ljava/util/Map;" line="36"><counter type="INSTRUCTION" missed="3" covered="0"/><counter type="LINE" missed="1" covered="0"/><counter type="COMPLEXITY" missed="1" covered="0"/><counter type="METHOD" missed="1" covered="0"/></method><counter type="INSTRUCTION" missed="9" covered="99"/><counter type="BRANCH" missed="1" covered="1"/><counter type="LINE" missed="2" covered="10"/><counter type="COMPLEXITY" missed="2" covered="2"/><counter type="METHOD" missed="1" covered="2"/><counter type="CLASS" missed="0" covered="1"/></class><class name="com/example/socialmeli2/repository/PublicationRepositoryImpl" sourcefilename="PublicationRepositoryImpl.java"><method name="&lt;init&gt;" desc="()V" line="14"><counter type="INSTRUCTION" missed="0" covered="78"/><counter type="LINE" missed="0" covered="13"/><counter type="COMPLEXITY" missed="0" covered="1"/><counter type="METHOD" missed="0" covered="1"/></method><method name="addEntity" desc="(Lcom/example/socialmeli2/entity/PublicationEntity;)Ljava/lang/Boolean;" line="31"><counter type="INSTRUCTION" missed="0" covered="29"/><counter type="LINE" missed="0" covered="4"/><counter type="COMPLEXITY" missed="0" covered="1"/><counter type="METHOD" missed="0" covered="1"/></method><method name="getEntityById" desc="(Ljava/lang/Integer;)Lcom/example/socialmeli2/entity/PublicationEntity;" line="39"><counter type="INSTRUCTION" missed="17" covered="0"/><counter type="BRANCH" missed="2" covered="0"/><counter type="LINE" missed="3" covered="0"/><counter type="COMPLEXITY" missed="2" covered="0"/><counter type="METHOD" missed="1" covered="0"/></method><method name="getAllEntity" desc="()Ljava/util/Map;" line="48"><counter type="INSTRUCTION" missed="3" covered="0"/><counter type="LINE" missed="1" covered="0"/><counter type="COMPLEXITY" missed="1" covered="0"/><counter type="METHOD" missed="1" covered="0"/></method><counter type="INSTRUCTION" missed="20" covered="107"/><counter type="BRANCH" missed="2" covered="0"/><counter type="LINE" missed="4" covered="17"/><counter type="COMPLEXITY" missed="3" covered="2"/><counter type="METHOD" missed="2" covered="2"/><counter type="CLASS" missed="0" covered="1"/></class><sourcefile name="ProductRepositoryImpl.java"><line nr="13" mi="0" ci="5" mb="0" cb="0"/><line nr="15" mi="0" ci="2" mb="0" cb="0"/><line nr="17" mi="0" ci="16" mb="0" cb="0"/><line nr="18" mi="0" ci="16" mb="0" cb="0"/><line nr="19" mi="0" ci="16" mb="0" cb="0"/><line nr="20" mi="0" ci="16" mb="0" cb="0"/><line nr="21" mi="0" ci="16" mb="0" cb="0"/><line nr="23" mi="0" ci="1" mb="0" cb="0"/><line nr="27" mi="0" ci="5" mb="1" cb="1"/><line nr="28" mi="6" ci="0" mb="0" cb="0"/><line nr="31" mi="0" ci="6" mb="0" cb="0"/><line nr="36" mi="3" ci="0" mb="0" cb="0"/><counter type="INSTRUCTION" missed="9" covered="99"/><counter type="BRANCH" missed="1" covered="1"/><counter type="LINE" missed="2" covered="10"/><counter type="COMPLEXITY" missed="2" covered="2"/><counter type="METHOD" missed="1" covered="2"/><counter type="CLASS" missed="0" covered="1"/></sourcefile><sourcefile name="PublicationRepositoryImpl.java"><line nr="14" mi="0" ci="2" mb="0" cb="0"/><line nr="15" mi="0" ci="3" mb="0" cb="0"/><line nr="16" mi="0" ci="15" mb="0" cb="0"/><line nr="17" mi="0" ci="3" mb="0" cb="0"/><line nr="18" mi="0" ci="15" mb="0" cb="0"/><line nr="19" mi="0" ci="3" mb="0" cb="0"/><line nr="20" mi="0" ci="15" mb="0" cb="0"/><line nr="21" mi="0" ci="4" mb="0" cb="0"/><line nr="22" mi="0" ci="4" mb="0" cb="0"/><line nr="23" mi="0" ci="4" mb="0" cb="0"/><line nr="24" mi="0" ci="1" mb="0" cb="0"/><line nr="26" mi="0" ci="5" mb="0" cb="0"/><line nr="27" mi="0" ci="4" mb="0" cb="0"/><line nr="31" mi="0" ci="15" mb="0" cb="0"/><line nr="32" mi="0" ci="4" mb="0" cb="0"/><line nr="33" mi="0" ci="7" mb="0" cb="0"/><line nr="34" mi="0" ci="3" mb="0" cb="0"/><line nr="39" mi="5" ci="0" mb="2" cb="0"/><line nr="40" mi="6" ci="0" mb="0" cb="0"/><line nr="43" mi="6" ci="0" mb="0" cb="0"/><line nr="48" mi="3" ci="0" mb="0" cb="0"/><counter type="INSTRUCTION" missed="20" covered="107"/><counter type="BRANCH" missed="2" covered="0"/><counter type="LINE" missed="4" covered="17"/><counter type="COMPLEXITY" missed="3" covered="2"/><counter type="METHOD" missed="2" covered="2"/><counter type="CLASS" missed="0" covered="1"/></sourcefile><sourcefile name="IProductRepository.java"/><sourcefile name="IUserRepository.java"/><sourcefile name="IPublicationRepository.java"/><sourcefile name="UserRepositoryImpl.java"><line nr="15" mi="0" ci="10" mb="0" cb="0"/><line nr="17" mi="0" ci="2" mb="0" cb="0"/><line nr="18" mi="0" ci="3" mb="0" cb="0"/><line nr="19" mi="0" ci="1" mb="0" cb="0"/><line nr="21" mi="0" ci="2" mb="0" cb="0"/><line nr="23" mi="0" ci="29" mb="0" cb="0"/><line nr="24" mi="0" ci="42" mb="0" cb="0"/><line nr="25" mi="0" ci="34" mb="0" cb="0"/><line nr="26" mi="0" ci="21" mb="0" cb="0"/><line nr="27" mi="0" ci="21" mb="0" cb="0"/><line nr="28" mi="0" ci="21" mb="0" cb="0"/><line nr="30" mi="0" ci="1" mb="0" cb="0"/><line nr="35" mi="0" ci="5" mb="0" cb="2"/><line nr="36" mi="0" ci="6" mb="0" cb="0"/><line nr="39" mi="0" ci="6" mb="0" cb="0"/><line nr="44" mi="3" ci="0" mb="0" cb="0"/><line nr="51" mi="0" ci="10" mb="0" cb="0"/><line nr="52" mi="0" ci="5" mb="0" cb="0"/><line nr="53" mi="0" ci="6" mb="2" cb="2"/><line nr="55" mi="0" ci="7" mb="0" cb="0"/><line nr="56" mi="0" ci="7" mb="0" cb="0"/><line nr="58" mi="0" ci="1" mb="0" cb="0"/><line nr="62" mi="0" ci="7" mb="0" cb="0"/><line nr="63" mi="0" ci="7" mb="0" cb="0"/><line nr="64" mi="0" ci="1" mb="0" cb="0"/><line nr="68" mi="0" ci="10" mb="0" cb="2"/><line nr="73" mi="1" ci="12" mb="1" cb="1"/><counter type="INSTRUCTION" missed="4" covered="277"/><counter type="BRANCH" missed="3" covered="7"/><counter type="LINE" missed="1" covered="26"/><counter type="COMPLEXITY" missed="4" covered="9"/><counter type="METHOD" missed="1" covered="7"/><counter type="CLASS" missed="0" covered="1"/></sourcefile><counter type="INSTRUCTION" missed="33" covered="483"/><counter type="BRANCH" missed="6" covered="8"/><counter type="LINE" missed="7" covered="53"/><counter type="COMPLEXITY" missed="9" covered="13"/><counter type="METHOD" missed="4" covered="11"/><counter type="CLASS" missed="0" covered="3"/></package><counter type="INSTRUCTION" missed="240" covered="1050"/><counter type="BRANCH" missed="16" covered="40"/><counter type="LINE" missed="56" covered="175"/><counter type="COMPLEXITY" missed="35" covered="59"/><counter type="METHOD" missed="24" covered="42"/><counter type="CLASS" missed="6" covered="15"/></report>