<?xml version="1.0" encoding="UTF-8"?>
<testsuite xmlns:xsi="http://www.w3.org/2001/XMLSchema-instance" xsi:noNamespaceSchemaLocation="https://maven.apache.org/surefire/maven-surefire-plugin/xsd/surefire-test-report.xsd" name="com.example.socialmeli2.unit.service.UserServiceImplTest" time="0.028" tests="10" errors="0" skipped="0" failures="0">
  <properties>
[...]
</properties>
  <testcase name="getUserFollowersCount" classname="com.example.socialmeli2.unit.service.UserServiceImplTest" time="0"/>
  <testcase name="unfollowUserSellerTrue" classname="com.example.socialmeli2.unit.service.UserServiceImplTest" time="0"/>
  <testcase name="followUserSeller" classname="com.example.socialmeli2.unit.service.UserServiceImplTest" time="0"/>
  <testcase name="unfollowUserSellerFalse" classname="com.example.socialmeli2.unit.service.UserServiceImplTest" time="0.001"/>
  <testcase name="unfollowUserSellerThrow" classname="com.example.socialmeli2.unit.service.UserServiceImplTest" time="0.006"/>
  <testcase name="getFollowersUsersByIdOrderDesc" classname="com.example.socialmeli2.unit.service.UserServiceImplTest$getFollowersUsersByIdOrder" time="0.008"/>
  <testcase name="getFollowersUsersByIdOrderAsc" classname="com.example.socialmeli2.unit.service.UserServiceImplTest$getFollowersUsersByIdOrder" time="0.002"/>
  <testcase name="isSeller" classname="com.example.socialmeli2.unit.service.UserServiceImplTest$FollowUserSellerThrows" time="0.002"/>
  <testcase name="userExist" classname="com.example.socialmeli2.unit.service.UserServiceImplTest$FollowUserSellerThrows" time="0.001"/>
  <testcase name="sellerExist" classname="com.example.socialmeli2.unit.service.UserServiceImplTest$FollowUserSellerThrows" time="0.001"/>
</testsuite>